#
# There is insufficient memory for the Java Runtime Environment to continue.
# Native memory allocation (malloc) failed to allocate 1016896 bytes for Chunk::new
# Possible reasons:
#   The system is out of physical RAM or swap space
#   In 32 bit mode, the process size limit was hit
# Possible solutions:
#   Reduce memory load on the system
#   Increase physical memory or swap space
#   Check if swap backing store is full
#   Use 64 bit Java on a 64 bit OS
#   Decrease Java heap size (-Xmx/-Xms)
#   Decrease number of Java threads
#   Decrease Java thread stack sizes (-Xss)
#   Set larger code cache with -XX:ReservedCodeCacheSize=
# This output file may be truncated or incomplete.
#
#  Out of Memory Error (allocation.cpp:390), pid=15868, tid=18136
#
# JRE version: Java(TM) SE Runtime Environment (8.0_74-b02) (build 1.8.0_74-b02)
# Java VM: Java HotSpot(TM) 64-Bit Server VM (25.74-b02 mixed mode windows-amd64 compressed oops)
# Failed to write core dump. Minidumps are not enabled by default on client versions of Windows
#

---------------  T H R E A D  ---------------

Current thread (0x0000000054d16000):  JavaThread "C2 CompilerThread1" daemon [_thread_in_native, id=18136, stack(0x00000000565d0000,0x00000000566d0000)]

Stack: [0x00000000565d0000,0x00000000566d0000]
[error occurred during error reporting (printing stack bounds), id 0xc0000005]

Native frames: (J=compiled Java code, j=interpreted, Vv=VM code, C=native code)


Current CompileTask:
C2:  10703 1522   !   4       com.android.dx.cf.code.RopperMachine::run (1550 bytes)


---------------  P R O C E S S  ---------------

Java Threads: ( => current thread )
  0x00000000569ca800 JavaThread "pool-2-thread-4" [_thread_blocked, id=12824, stack(0x00000000575f0000,0x00000000576f0000)]
  0x0000000056955800 JavaThread "pool-2-thread-3" [_thread_blocked, id=13428, stack(0x0000000057420000,0x0000000057520000)]
  0x0000000056955000 JavaThread "pool-2-thread-2" [_thread_blocked, id=16932, stack(0x00000000572a0000,0x00000000573a0000)]
  0x0000000056953000 JavaThread "pool-3-thread-1" [_thread_blocked, id=5932, stack(0x0000000056fe0000,0x00000000570e0000)]
  0x0000000056951000 JavaThread "pool-2-thread-1" [_thread_blocked, id=8716, stack(0x0000000056ec0000,0x0000000056fc0000)]
  0x000000005672f800 JavaThread "Service Thread" daemon [_thread_blocked, id=13868, stack(0x0000000056ba0000,0x0000000056ca0000)]
  0x0000000054d17000 JavaThread "C1 CompilerThread2" daemon [_thread_blocked, id=17384, stack(0x0000000056410000,0x0000000056510000)]
=>0x0000000054d16000 JavaThread "C2 CompilerThread1" daemon [_thread_in_native, id=18136, stack(0x00000000565d0000,0x00000000566d0000)]
  0x0000000054d12000 JavaThread "C2 CompilerThread0" daemon [_thread_blocked, id=18080, stack(0x0000000056310000,0x0000000056410000)]
  0x0000000054d1f800 JavaThread "Attach Listener" daemon [_thread_blocked, id=17720, stack(0x0000000056100000,0x0000000056200000)]
  0x0000000054d1e000 JavaThread "Signal Dispatcher" daemon [_thread_blocked, id=9688, stack(0x0000000055d50000,0x0000000055e50000)]
  0x0000000054cfb000 JavaThread "Finalizer" daemon [_thread_blocked, id=11752, stack(0x0000000055ff0000,0x00000000560f0000)]
  0x0000000054cb4000 JavaThread "Reference Handler" daemon [_thread_blocked, id=16820, stack(0x0000000055e50000,0x0000000055f50000)]
  0x0000000001e6e800 JavaThread "main" [_thread_blocked, id=16884, stack(0x0000000002070000,0x0000000002170000)]

Other Threads:
  0x0000000054cac000 VMThread [stack: 0x0000000055bc0000,0x0000000055cc0000] [id=16476]
  0x0000000056748800 WatcherThread [stack: 0x0000000056cf0000,0x0000000056df0000] [id=18368]

VM state:not at safepoint (normal execution)

VM Mutex/Monitor currently owned by a thread: None

Heap:
 PSYoungGen      total 38400K, used 27068K [0x00000000eab00000, 0x00000000ef600000, 0x0000000100000000)
  eden space 33280K, 65% used [0x00000000eab00000,0x00000000ec0729d0,0x00000000ecb80000)
  from space 5120K, 99% used [0x00000000ecb80000,0x00000000ed07c708,0x00000000ed080000)
  to   space 5120K, 0% used [0x00000000ef100000,0x00000000ef100000,0x00000000ef600000)
 ParOldGen       total 87552K, used 642K [0x00000000c0000000, 0x00000000c5580000, 0x00000000eab00000)
  object space 87552K, 0% used [0x00000000c0000000,0x00000000c00a08d0,0x00000000c5580000)
 Metaspace       used 6152K, capacity 7026K, committed 7296K, reserved 1056768K
  class space    used 602K, capacity 618K, committed 640K, reserved 1048576K

Card table byte_map: [0x0000000011800000,0x0000000011a10000] byte_map_base: 0x0000000011200000

Marking Bits: (ParMarkBitMap*) 0x00000000685f0600
 Begin Bits: [0x0000000012120000, 0x0000000013120000)
 End Bits:   [0x0000000013120000, 0x0000000014120000)

Polling page: 0x0000000000210000

CodeCache: size=245760Kb used=6334Kb max_used=6346Kb free=239425Kb
 bounds [0x0000000002440000, 0x0000000002a80000, 0x0000000011440000]
 total_blobs=1788 nmethods=1519 adapters=182
 compilation: enabled

Compilation events (10 events):
Event: 10.635 Thread 0x0000000054d12000 1532       4       com.android.dx.ssa.back.LivenessAnalyzer::<init> (55 bytes)
Event: 10.640 Thread 0x0000000054d12000 nmethod 1532 0x0000000002a74ed0 code [0x0000000002a75040, 0x0000000002a75418]
Event: 10.643 Thread 0x0000000054d12000 1533   !   4       com.android.dx.cf.cst.ConstantPoolParser::parseUtf8 (47 bytes)
Event: 10.643 Thread 0x0000000054d17000 1534   !   3       com.android.dx.cf.attrib.AttLineNumberTable::<init> (43 bytes)
Event: 10.643 Thread 0x0000000054d17000 nmethod 1534 0x0000000002a6bc50 code [0x0000000002a6be00, 0x0000000002a6c2f8]
Event: 10.644 Thread 0x0000000054d17000 1535   !   3       com.android.dx.cf.attrib.BaseLocalVariables::<init> (42 bytes)
Event: 10.644 Thread 0x0000000054d17000 nmethod 1535 0x0000000002a6b1d0 code [0x0000000002a6b380, 0x0000000002a6b948]
Event: 10.645 Thread 0x0000000054d17000 1536       3       java.lang.StringBuffer::<init> (6 bytes)
Event: 10.645 Thread 0x0000000054d17000 nmethod 1536 0x0000000002a73850 code [0x0000000002a739c0, 0x0000000002a73c70]
Event: 10.651 Thread 0x0000000054d12000 nmethod 1533 0x0000000002a77250 code [0x0000000002a773e0, 0x0000000002a77878]

GC Heap History (2 events):
Event: 3.886 GC heap before
{Heap before GC invocations=1 (full 0):
 PSYoungGen      total 38400K, used 33280K [0x00000000eab00000, 0x00000000ed580000, 0x0000000100000000)
  eden space 33280K, 100% used [0x00000000eab00000,0x00000000ecb80000,0x00000000ecb80000)
  from space 5120K, 0% used [0x00000000ed080000,0x00000000ed080000,0x00000000ed580000)
  to   space 5120K, 0% used [0x00000000ecb80000,0x00000000ecb80000,0x00000000ed080000)
 ParOldGen       total 87552K, used 0K [0x00000000c0000000, 0x00000000c5580000, 0x00000000eab00000)
  object space 87552K, 0% used [0x00000000c0000000,0x00000000c0000000,0x00000000c5580000)
 Metaspace       used 5990K, capacity 6898K, committed 7040K, reserved 1056768K
  class space    used 601K, capacity 618K, committed 640K, reserved 1048576K
Event: 4.005 GC heap after
Heap after GC invocations=1 (full 0):
 PSYoungGen      total 38400K, used 5105K [0x00000000eab00000, 0x00000000ef600000, 0x0000000100000000)
  eden space 33280K, 0% used [0x00000000eab00000,0x00000000eab00000,0x00000000ecb80000)
  from space 5120K, 99% used [0x00000000ecb80000,0x00000000ed07c708,0x00000000ed080000)
  to   space 5120K, 0% used [0x00000000ef100000,0x00000000ef100000,0x00000000ef600000)
 ParOldGen       total 87552K, used 642K [0x00000000c0000000, 0x00000000c5580000, 0x00000000eab00000)
  object space 87552K, 0% used [0x00000000c0000000,0x00000000c00a08d0,0x00000000c5580000)
 Metaspace       used 5990K, capacity 6898K, committed 7040K, reserved 1056768K
  class space    used 601K, capacity 618K, committed 640K, reserved 1048576K
}

Deoptimization events (5 events):
Event: 0.484 Thread 0x0000000001e6e800 Uncommon trap: reason=unstable_if action=reinterpret pc=0x0000000002594704 method=java.lang.String.compareTo(Ljava/lang/String;)I @ 38
Event: 0.951 Thread 0x0000000056955000 Uncommon trap: reason=unstable_if action=reinterpret pc=0x00000000026545e0 method=java.util.BitSet.nextSetBit(I)I @ 87
Event: 0.955 Thread 0x0000000056955000 Uncommon trap: reason=unstable_if action=reinterpret pc=0x000000000263d054 method=java.util.HashMap.getNode(ILjava/lang/Object;)Ljava/util/HashMap$Node; @ 129
Event: 2.976 Thread 0x0000000056951000 Uncommon trap: reason=unstable_if action=reinterpret pc=0x0000000002790c84 method=com.android.dx.rop.cst.Constant.compareTo(Lcom/android/dx/rop/cst/Constant;)I @ 12
Event: 4.625 Thread 0x00000000569ca800 Uncommon trap: reason=null_check action=make_not_entrant pc=0x00000000026fd4dc method=com.android.dx.ssa.SsaRenamer.getLocalForNewReg(I)Lcom/android/dx/rop/code/LocalItem; @ 19

Internal exceptions (3 events):
Event: 0.098 Thread 0x0000000001e6e800 Exception <a 'java/lang/NoSuchMethodError': Method sun.misc.Unsafe.defineClass(Ljava/lang/String;[BII)Ljava/lang/Class; name or signature does not match> (0x00000000eab07cc0) thrown at [C:\re\workspace\8-2-build-windows-amd64-cygwin\jdk8u74\6087\hotspot\sròÅjEÖπ?
Event: 0.098 Thread 0x0000000001e6e800 Exception <a 'java/lang/NoSuchMethodError': Method sun.misc.Unsafe.prefetchRead(Ljava/lang/Object;J)V name or signature does not match> (0x00000000eab07fa8) thrown at [C:\re\workspace\8-2-build-windows-amd64-cygwin\jdk8u74\6087\hotspot\src\share\vm\prims\jÒ#±@
Event: 4.625 Thread 0x00000000569ca800 Implicit null exception at 0x00000000026fb4c5 to 0x00000000026fd499

Events (10 events):
Event: 4.625 Thread 0x00000000569ca800 DEOPT PACKING pc=0x00000000026fd4dc sp=0x00000000576ee5a0
Event: 4.625 Thread 0x00000000569ca800 DEOPT UNPACKING pc=0x000000000248582a sp=0x00000000576ee418 mode 2
Event: 6.465 Thread 0x00000000569ca800 DEOPT PACKING pc=0x00000000027bb5a4 sp=0x00000000576ee670
Event: 6.465 Thread 0x00000000569ca800 DEOPT UNPACKING pc=0x000000000248787f sp=0x00000000576ee438 mode 0
Event: 7.707 loading class com/android/dx/rop/code/RegisterSpec$1
Event: 7.707 loading class com/android/dx/rop/code/RegisterSpec$1 done
Event: 10.644 loading class com/android/dx/cf/attrib/AttRuntimeInvisibleAnnotations
Event: 10.644 loading class com/android/dx/cf/attrib/AttRuntimeInvisibleAnnotations done
Event: 10.645 loading class com/android/dx/cf/attrib/BaseAnnotations
Event: 10.645 loading class com/android/dx/cf/attrib/BaseAnnotations done


Dynamic libraries:
0x000000013ff30000 - 0x000000013ff67000 	C:\Program Files\Java\jdk1.8.0_74\bin\java.exe
0x00000000778e0000 - 0x0000000077a8a000 	C:\Windows\SYSTEM32\ntdll.dll
0x00000000777c0000 - 0x00000000778df000 	C:\Windows\system32\kernel32.dll
0x000007fefd9b0000 - 0x000007fefda1a000 	C:\Windows\system32\KERNELBASE.dll
0x000007feff9f0000 - 0x000007feffacb000 	C:\Windows\system32\ADVAPI32.dll
0x000007fefe1d0000 - 0x000007fefe26f000 	C:\Windows\system32\msvcrt.dll
0x000007fefea00000 - 0x000007fefea1f000 	C:\Windows\SYSTEM32\sechost.dll
0x000007fefe000000 - 0x000007fefe12d000 	C:\Windows\system32\RPCRT4.dll
0x00000000776c0000 - 0x00000000777ba000 	C:\Windows\system32\USER32.dll
0x000007fefe270000 - 0x000007fefe2d7000 	C:\Windows\system32\GDI32.dll
0x000007fefdff0000 - 0x000007fefdffe000 	C:\Windows\system32\LPK.dll
0x000007feff920000 - 0x000007feff9ea000 	C:\Windows\system32\USP10.dll
0x000007fefc680000 - 0x000007fefc874000 	C:\Windows\WinSxS\amd64_microsoft.windows.common-controls_6595b64144ccf1df_6.0.7601.18837_none_fa3b1e3d17594757\COMCTL32.dll
0x000007fefe130000 - 0x000007fefe1a1000 	C:\Windows\system32\SHLWAPI.dll
0x000007feff8f0000 - 0x000007feff91e000 	C:\Windows\system32\IMM32.DLL
0x000007fefde90000 - 0x000007fefdf99000 	C:\Windows\system32\MSCTF.dll
0x0000000062960000 - 0x0000000062a32000 	C:\Program Files\Java\jdk1.8.0_74\jre\bin\msvcr100.dll
0x0000000067de0000 - 0x0000000068670000 	C:\Program Files\Java\jdk1.8.0_74\jre\bin\server\jvm.dll
0x000007fefaec0000 - 0x000007fefaec9000 	C:\Windows\system32\WSOCK32.dll
0x000007fefdfa0000 - 0x000007fefdfed000 	C:\Windows\system32\WS2_32.dll
0x000007fefe9f0000 - 0x000007fefe9f8000 	C:\Windows\system32\NSI.dll
0x000007fefb650000 - 0x000007fefb68b000 	C:\Windows\system32\WINMM.dll
0x000007fefc3e0000 - 0x000007fefc3ec000 	C:\Windows\system32\VERSION.dll
0x0000000077aa0000 - 0x0000000077aa7000 	C:\Windows\system32\PSAPI.DLL
0x0000000071f20000 - 0x0000000071f2f000 	C:\Program Files\Java\jdk1.8.0_74\jre\bin\verify.dll
0x0000000071ef0000 - 0x0000000071f19000 	C:\Program Files\Java\jdk1.8.0_74\jre\bin\java.dll
0x0000000071300000 - 0x0000000071316000 	C:\Program Files\Java\jdk1.8.0_74\jre\bin\zip.dll
0x000007fefea20000 - 0x000007feff7a9000 	C:\Windows\system32\SHELL32.dll
0x000007fefe2e0000 - 0x000007fefe4e3000 	C:\Windows\system32\ole32.dll
0x000007fefd660000 - 0x000007fefd66f000 	C:\Windows\system32\profapi.dll

VM Arguments:
jvm_args: -Djava.awt.headless=true -Xmx1024M -Dfile.encoding=windows-1252 -Duser.country=US -Duser.language=en -Duser.variant 
java_command: com.android.dx.command.Main --dex --force-jumbo --num-threads=4 --multi-dex --output C:\Anirudh\Learn\Udacity\AndroidBasics\HabitTracker\app\build\intermediates\transforms\dex\debug\folders\1000\10\internal_impl-24.0.0_e0223caca9aeb3d92284c64c257118a7be3039e0 C:\Anirudh\Learn\Udacity\AndroidBasics\HabitTracker\app\build\intermediates\exploded-aar\com.android.support\support-v4\24.0.0\jars\libs\internal_impl-24.0.0.jar
java_class_path (initial): C:\Users\anirudha.joshi\AppData\Local\Android\sdk\build-tools\23.0.3\lib\dx.jar
Launcher Type: SUN_STANDARD

Environment Variables:
PATH=C:\ProgramData\Oracle\Java\javapath;c:\Program Files (x86)\Intel\iCLS Client\;c:\Program Files\Intel\iCLS Client\;C:\Windows\SYSTEM32;C:\Windows;C:\Windows\SYSTEM32\WBEM;C:\Windows\SYSTEM32\WINDOWSPOWERSHELL\V1.0\;C:\PROGRAM FILES (X86)\ATI TECHNOLOGIES\ATI.ACE\CORE-STATIC;C:\PROGRAM FILES (X86)\COMMON FILES\ROXIO SHARED\OEM\DLLSHARED\;C:\PROGRAM FILES (X86)\COMMON FILES\ROXIO SHARED\OEM\DLLSHARED\;C:\PROGRAM FILES (X86)\COMMON FILES\ROXIO SHARED\OEM\12.0\DLLSHARED\;C:\PROGRAM FILES (X86)\ROXIO\OEM\AUDIOCORE\;C:\PROGRAM FILES (X86)\INTEL\SERVICES\IPT\;c:\Program Files\WIDCOMM\Bluetooth Software\;c:\Program Files\WIDCOMM\Bluetooth Software\syswow64;C:\Program Files\Intel\Intel(R) Management Engine Components\DAL;C:\Program Files\Intel\Intel(R) Management Engine Components\IPT;C:\Program Files (x86)\Intel\Intel(R) Management Engine Components\DAL;C:\Program Files (x86)\Intel\Intel(R) Management Engine Components\IPT;C:\Program Files (x86)\Microsoft SQL Server\100\Tools\Binn\;C:\Program Files\Microsoft SQL Server\100\Tools\Binn\;C:\Program Files\Microsoft SQL Server\100\DTS\Binn\;C:\Program Files (x86)\Microsoft SQL Server\100\Tools\Binn\VSShell\Common7\IDE\;C:\Program Files (x86)\Microsoft Visual Studio 9.0\Common7\IDE\PrivateAssemblies\;C:\Program Files (x86)\Microsoft SQL Server\100\DTS\Binn\;c:\Program Files\Microsoft SQL Server\110\Tools\Binn\;c:\Program Files (x86)\Microsoft SQL Server\110\Tools\Binn\;c:\Program Files\Microsoft SQL Server\110\DTS\Binn\;c:\Program Files (x86)\Microsoft SQL Server\110\Tools\Binn\ManagementStudio\;c:\Program Files (x86)\Microsoft SQL Server\110\DTS\Binn\;C:\opscode\chef\bin\;C:\Program Files\Microsoft SQL Server\130\Tools\Binn\;C:\Anirudh\Learn\Udacity\Python\Scripts\;C:\Anirudh\Learn\Udacity\Python\;C:\Chocolatey\bin;C:\Users\anirudha.joshi\AppData\Roaming\scriptcs;c:\Inveshare\projects\xsd;
USERNAME=anirudha.joshi
OS=Windows_NT
PROCESSOR_IDENTIFIER=Intel64 Family 6 Model 69 Stepping 1, GenuineIntel



---------------  S Y S T E M  ---------------

OS: Windows 7 , 64 bit Build 7601 (6.1.7601.23418)

CPU:total 4 (2 cores per cpu, 2 threads per core) family 6 model 69 stepping 1, cmov, cx8, fxsr, mmx, sse, sse2, sse3, ssse3, sse4.1, sse4.2, popcnt, avx, avx2, aes, clmul, erms, lzcnt, ht, tsc, tscinvbit, bmi1, bmi2

Memory: 4k page, physical 8283248k(325736k free), swap 12475692k(4828k free)

vm_info: Java HotSpot(TM) 64-Bit Server VM (25.74-b02) for windows-amd64 JRE (1.8.0_74-b02), built on Jan 29 2016 17:42:36 by "java_re" with MS VC++ 10.0 (VS2010)

time: Tue Jul 12 16:00:05 2016
elapsed time: 10 seconds (0d 0h 0m 10s)

