#
# There is insufficient memory for the Java Runtime Environment to continue.
# Native memory allocation (malloc) failed to allocate 448496 bytes for Chunk::new
# Possible reasons:
#   The system is out of physical RAM or swap space
#   In 32 bit mode, the process size limit was hit
# Possible solutions:
#   Reduce memory load on the system
#   Increase physical memory or swap space
#   Check if swap backing store is full
#   Use 64 bit Java on a 64 bit OS
#   Decrease Java heap size (-Xmx/-Xms)
#   Decrease number of Java threads
#   Decrease Java thread stack sizes (-Xss)
#   Set larger code cache with -XX:ReservedCodeCacheSize=
# This output file may be truncated or incomplete.
#
#  Out of Memory Error (allocation.cpp:390), pid=17020, tid=15748
#
# JRE version: Java(TM) SE Runtime Environment (8.0_74-b02) (build 1.8.0_74-b02)
# Java VM: Java HotSpot(TM) 64-Bit Server VM (25.74-b02 mixed mode windows-amd64 compressed oops)
# Failed to write core dump. Minidumps are not enabled by default on client versions of Windows
#

---------------  T H R E A D  ---------------

Current thread (0x0000000054de2000):  JavaThread "C2 CompilerThread0" daemon [_thread_in_native, id=15748, stack(0x0000000056510000,0x0000000056610000)]

Stack: [0x0000000056510000,0x0000000056610000]
[error occurred during error reporting (printing stack bounds), id 0xc0000005]

Native frames: (J=compiled Java code, j=interpreted, Vv=VM code, C=native code)


Current CompileTask:
C2:  10691 1850       4       com.android.dx.ssa.SsaBasicBlock::newFromRop (183 bytes)


---------------  P R O C E S S  ---------------

Java Threads: ( => current thread )
  0x00000000569bc800 JavaThread "pool-2-thread-4" [_thread_blocked, id=18332, stack(0x0000000056ea0000,0x0000000056fa0000)]
  0x00000000568f8000 JavaThread "pool-2-thread-3" [_thread_blocked, id=1656, stack(0x0000000057d70000,0x0000000057e70000)]
  0x0000000056959800 JavaThread "pool-2-thread-2" [_thread_blocked, id=18292, stack(0x0000000057c70000,0x0000000057d70000)]
  0x00000000568dc800 JavaThread "pool-3-thread-1" [_thread_blocked, id=16868, stack(0x0000000057ab0000,0x0000000057bb0000)]
  0x00000000568da800 JavaThread "pool-2-thread-1" [_thread_blocked, id=14128, stack(0x0000000056a10000,0x0000000056b10000)]
  0x000000005667d000 JavaThread "Service Thread" daemon [_thread_blocked, id=16944, stack(0x0000000056fc0000,0x00000000570c0000)]
  0x0000000056611000 JavaThread "C1 CompilerThread2" daemon [_thread_blocked, id=18240, stack(0x0000000056d10000,0x0000000056e10000)]
  0x0000000056610800 JavaThread "C2 CompilerThread1" daemon [_thread_in_native, id=16336, stack(0x0000000056b10000,0x0000000056c10000)]
=>0x0000000054de2000 JavaThread "C2 CompilerThread0" daemon [_thread_in_native, id=15748, stack(0x0000000056510000,0x0000000056610000)]
  0x0000000054def800 JavaThread "Attach Listener" daemon [_thread_blocked, id=16304, stack(0x0000000056370000,0x0000000056470000)]
  0x0000000054dee000 JavaThread "Signal Dispatcher" daemon [_thread_blocked, id=17732, stack(0x0000000056190000,0x0000000056290000)]
  0x0000000054dcb000 JavaThread "Finalizer" daemon [_thread_blocked, id=18052, stack(0x0000000055c90000,0x0000000055d90000)]
  0x0000000054d84000 JavaThread "Reference Handler" daemon [_thread_blocked, id=13328, stack(0x0000000055f90000,0x0000000056090000)]
  0x0000000001e0e800 JavaThread "main" [_thread_blocked, id=14416, stack(0x0000000002090000,0x0000000002190000)]

Other Threads:
  0x0000000054d7c000 VMThread [stack: 0x0000000055d90000,0x0000000055e90000] [id=10680]
  0x0000000056686000 WatcherThread [stack: 0x00000000571b0000,0x00000000572b0000] [id=10692]

VM state:not at safepoint (normal execution)

VM Mutex/Monitor currently owned by a thread: None

Heap:
 PSYoungGen      total 71680K, used 62447K [0x00000000eab00000, 0x00000000f3700000, 0x0000000100000000)
  eden space 66560K, 86% used [0x00000000eab00000,0x00000000ee2fd5a8,0x00000000eec00000)
  from space 5120K, 99% used [0x00000000eec00000,0x00000000ef0fe660,0x00000000ef100000)
  to   space 5120K, 0% used [0x00000000f3200000,0x00000000f3200000,0x00000000f3700000)
 ParOldGen       total 87552K, used 12832K [0x00000000c0000000, 0x00000000c5580000, 0x00000000eab00000)
  object space 87552K, 14% used [0x00000000c0000000,0x00000000c0c883d0,0x00000000c5580000)
 Metaspace       used 6313K, capacity 7154K, committed 7296K, reserved 1056768K
  class space    used 605K, capacity 618K, committed 640K, reserved 1048576K

Card table byte_map: [0x0000000011820000,0x0000000011a30000] byte_map_base: 0x0000000011220000

Marking Bits: (ParMarkBitMap*) 0x00000000685f0600
 Begin Bits: [0x00000000121f0000, 0x00000000131f0000)
 End Bits:   [0x00000000131f0000, 0x00000000141f0000)

Polling page: 0x00000000001b0000

CodeCache: size=245760Kb used=7458Kb max_used=7481Kb free=238301Kb
 bounds [0x0000000002460000, 0x0000000002bc0000, 0x0000000011460000]
 total_blobs=2091 nmethods=1822 adapters=182
 compilation: enabled

Compilation events (10 events):
Event: 10.299 Thread 0x0000000056611000 1913       1       java.util.concurrent.locks.AbstractOwnableSynchronizer::setExclusiveOwnerThread (6 bytes)
Event: 10.299 Thread 0x0000000056611000 nmethod 1913 0x0000000002b76610 code [0x0000000002b76760, 0x0000000002b76890]
Event: 10.378 Thread 0x0000000056611000 1914       2       com.android.dx.rop.type.Type::asUninitialized (140 bytes)
Event: 10.379 Thread 0x0000000056611000 nmethod 1914 0x0000000002b7ea10 code [0x0000000002b7ec80, 0x0000000002b7f6d8]
Event: 10.589 Thread 0x0000000054de2000 nmethod 1892 0x0000000002ba5d90 code [0x0000000002ba6440, 0x0000000002bac148]
Event: 10.590 Thread 0x0000000054de2000 1825       4       java.util.TreeMap::getEntry (84 bytes)
Event: 10.592 Thread 0x0000000054de2000 nmethod 1825 0x0000000002b76190 code [0x0000000002b762e0, 0x0000000002b76438]
Event: 10.592 Thread 0x0000000054de2000 1850       4       com.android.dx.ssa.SsaBasicBlock::newFromRop (183 bytes)
Event: 10.598 Thread 0x0000000056611000 1915       2       com.android.dx.rop.code.Rops::opGetStatic (97 bytes)
Event: 10.599 Thread 0x0000000056611000 nmethod 1915 0x0000000002b7dfd0 code [0x0000000002b7e1a0, 0x0000000002b7e6f8]

GC Heap History (6 events):
Event: 3.789 GC heap before
{Heap before GC invocations=1 (full 0):
 PSYoungGen      total 38400K, used 33280K [0x00000000eab00000, 0x00000000ed580000, 0x0000000100000000)
  eden space 33280K, 100% used [0x00000000eab00000,0x00000000ecb80000,0x00000000ecb80000)
  from space 5120K, 0% used [0x00000000ed080000,0x00000000ed080000,0x00000000ed580000)
  to   space 5120K, 0% used [0x00000000ecb80000,0x00000000ecb80000,0x00000000ed080000)
 ParOldGen       total 87552K, used 0K [0x00000000c0000000, 0x00000000c5580000, 0x00000000eab00000)
  object space 87552K, 0% used [0x00000000c0000000,0x00000000c0000000,0x00000000c5580000)
 Metaspace       used 5921K, capacity 6832K, committed 7040K, reserved 1056768K
  class space    used 602K, capacity 616K, committed 640K, reserved 1048576K
Event: 3.924 GC heap after
Heap after GC invocations=1 (full 0):
 PSYoungGen      total 38400K, used 4692K [0x00000000eab00000, 0x00000000ef600000, 0x0000000100000000)
  eden space 33280K, 0% used [0x00000000eab00000,0x00000000eab00000,0x00000000ecb80000)
  from space 5120K, 91% used [0x00000000ecb80000,0x00000000ed015208,0x00000000ed080000)
  to   space 5120K, 0% used [0x00000000ef100000,0x00000000ef100000,0x00000000ef600000)
 ParOldGen       total 87552K, used 16K [0x00000000c0000000, 0x00000000c5580000, 0x00000000eab00000)
  object space 87552K, 0% used [0x00000000c0000000,0x00000000c0004000,0x00000000c5580000)
 Metaspace       used 5921K, capacity 6832K, committed 7040K, reserved 1056768K
  class space    used 602K, capacity 616K, committed 640K, reserved 1048576K
}
Event: 4.567 GC heap before
{Heap before GC invocations=2 (full 0):
 PSYoungGen      total 38400K, used 37972K [0x00000000eab00000, 0x00000000ef600000, 0x0000000100000000)
  eden space 33280K, 100% used [0x00000000eab00000,0x00000000ecb80000,0x00000000ecb80000)
  from space 5120K, 91% used [0x00000000ecb80000,0x00000000ed015208,0x00000000ed080000)
  to   space 5120K, 0% used [0x00000000ef100000,0x00000000ef100000,0x00000000ef600000)
 ParOldGen       total 87552K, used 16K [0x00000000c0000000, 0x00000000c5580000, 0x00000000eab00000)
  object space 87552K, 0% used [0x00000000c0000000,0x00000000c0004000,0x00000000c5580000)
 Metaspace       used 6084K, capacity 6962K, committed 7040K, reserved 1056768K
  class space    used 604K, capacity 618K, committed 640K, reserved 1048576K
Event: 5.133 GC heap after
Heap after GC invocations=2 (full 0):
 PSYoungGen      total 71680K, used 5096K [0x00000000eab00000, 0x00000000ef600000, 0x0000000100000000)
  eden space 66560K, 0% used [0x00000000eab00000,0x00000000eab00000,0x00000000eec00000)
  from space 5120K, 99% used [0x00000000ef100000,0x00000000ef5fa2c0,0x00000000ef600000)
  to   space 5120K, 0% used [0x00000000eec00000,0x00000000eec00000,0x00000000ef100000)
 ParOldGen       total 87552K, used 3442K [0x00000000c0000000, 0x00000000c5580000, 0x00000000eab00000)
  object space 87552K, 3% used [0x00000000c0000000,0x00000000c035ca70,0x00000000c5580000)
 Metaspace       used 6084K, capacity 6962K, committed 7040K, reserved 1056768K
  class space    used 604K, capacity 618K, committed 640K, reserved 1048576K
}
Event: 9.131 GC heap before
{Heap before GC invocations=3 (full 0):
 PSYoungGen      total 71680K, used 71656K [0x00000000eab00000, 0x00000000ef600000, 0x0000000100000000)
  eden space 66560K, 100% used [0x00000000eab00000,0x00000000eec00000,0x00000000eec00000)
  from space 5120K, 99% used [0x00000000ef100000,0x00000000ef5fa2c0,0x00000000ef600000)
  to   space 5120K, 0% used [0x00000000eec00000,0x00000000eec00000,0x00000000ef100000)
 ParOldGen       total 87552K, used 3442K [0x00000000c0000000, 0x00000000c5580000, 0x00000000eab00000)
  object space 87552K, 3% used [0x00000000c0000000,0x00000000c035ca70,0x00000000c5580000)
 Metaspace       used 6238K, capacity 7090K, committed 7296K, reserved 1056768K
  class space    used 605K, capacity 618K, committed 640K, reserved 1048576K
Event: 9.523 GC heap after
Heap after GC invocations=3 (full 0):
 PSYoungGen      total 71680K, used 5113K [0x00000000eab00000, 0x00000000f3700000, 0x0000000100000000)
  eden space 66560K, 0% used [0x00000000eab00000,0x00000000eab00000,0x00000000eec00000)
  from space 5120K, 99% used [0x00000000eec00000,0x00000000ef0fe660,0x00000000ef100000)
  to   space 5120K, 0% used [0x00000000f3200000,0x00000000f3200000,0x00000000f3700000)
 ParOldGen       total 87552K, used 12832K [0x00000000c0000000, 0x00000000c5580000, 0x00000000eab00000)
  object space 87552K, 14% used [0x00000000c0000000,0x00000000c0c883d0,0x00000000c5580000)
 Metaspace       used 6238K, capacity 7090K, committed 7296K, reserved 1056768K
  class space    used 605K, capacity 618K, committed 640K, reserved 1048576K
}

Deoptimization events (10 events):
Event: 9.050 Thread 0x00000000568f8000 Uncommon trap: reason=unstable_if action=reinterpret pc=0x000000000292ae2c method=com.android.dx.util.IntList.binarysearch(I)I @ 105
Event: 9.105 Thread 0x00000000568f8000 Uncommon trap: reason=bimorphic action=maybe_recompile pc=0x0000000002982c7c method=com.android.dx.cf.code.BytecodeArray.parseInstruction(ILcom/android/dx/cf/code/BytecodeArray$Visitor;)I @ 1501
Event: 9.106 Thread 0x00000000568f8000 Uncommon trap: reason=bimorphic action=maybe_recompile pc=0x0000000002982c7c method=com.android.dx.cf.code.BytecodeArray.parseInstruction(ILcom/android/dx/cf/code/BytecodeArray$Visitor;)I @ 1501
Event: 9.765 Thread 0x00000000568da800 Uncommon trap: reason=null_check action=make_not_entrant pc=0x00000000029d5b6c method=com.android.dx.ssa.SsaRenamer.getLocalForNewReg(I)Lcom/android/dx/rop/code/LocalItem; @ 19
Event: 9.833 Thread 0x0000000001e0e800 Uncommon trap: reason=bimorphic action=maybe_recompile pc=0x0000000002a0518c method=com.android.dx.cf.code.RopperMachine.run(Lcom/android/dx/cf/code/Frame;II)V @ 978
Event: 9.837 Thread 0x0000000001e0e800 Uncommon trap: reason=bimorphic action=maybe_recompile pc=0x0000000002a0518c method=com.android.dx.cf.code.RopperMachine.run(Lcom/android/dx/cf/code/Frame;II)V @ 978
Event: 9.841 Thread 0x0000000001e0e800 Uncommon trap: reason=bimorphic action=maybe_recompile pc=0x0000000002a0518c method=com.android.dx.cf.code.RopperMachine.run(Lcom/android/dx/cf/code/Frame;II)V @ 978
Event: 9.945 Thread 0x00000000569bc800 Uncommon trap: reason=bimorphic action=maybe_recompile pc=0x00000000029839bc method=com.android.dx.cf.code.BytecodeArray.parseInstruction(ILcom/android/dx/cf/code/BytecodeArray$Visitor;)I @ 1130
Event: 9.946 Thread 0x00000000569bc800 Uncommon trap: reason=bimorphic action=maybe_recompile pc=0x00000000029839bc method=com.android.dx.cf.code.BytecodeArray.parseInstruction(ILcom/android/dx/cf/code/BytecodeArray$Visitor;)I @ 1130
Event: 9.952 Thread 0x00000000569bc800 Uncommon trap: reason=bimorphic action=maybe_recompile pc=0x0000000002a0518c method=com.android.dx.cf.code.RopperMachine.run(Lcom/android/dx/cf/code/Frame;II)V @ 978

Internal exceptions (3 events):
Event: 0.095 Thread 0x0000000001e0e800 Exception <a 'java/lang/NoSuchMethodError': Method sun.misc.Unsafe.defineClass(Ljava/lang/String;[BII)Ljava/lang/Class; name or signature does not match> (0x00000000eab07cc0) thrown at [C:\re\workspace\8-2-build-windows-amd64-cygwin\jdk8u74\6087\hotspot\srb®5?¸?
Event: 0.095 Thread 0x0000000001e0e800 Exception <a 'java/lang/NoSuchMethodError': Method sun.misc.Unsafe.prefetchRead(Ljava/lang/Object;J)V name or signature does not match> (0x00000000eab07fa8) thrown at [C:\re\workspace\8-2-build-windows-amd64-cygwin\jdk8u74\6087\hotspot\src\share\vm\prims\jêä¾ –‡#@
Event: 9.765 Thread 0x00000000568da800 Implicit null exception at 0x00000000029d1ff2 to 0x00000000029d5b3d

Events (10 events):
Event: 9.956 Thread 0x00000000569bc800 DEOPT PACKING pc=0x00000000028402ac sp=0x0000000056f9e7a0
Event: 9.956 Thread 0x00000000569bc800 DEOPT UNPACKING pc=0x00000000024a787f sp=0x0000000056f9e520 mode 0
Event: 9.981 Thread 0x0000000056959800 DEOPT PACKING pc=0x00000000027ccf05 sp=0x0000000057d6e920
Event: 9.981 Thread 0x0000000056959800 DEOPT UNPACKING pc=0x00000000024a787f sp=0x0000000057d6e6c0 mode 0
Event: 9.991 Thread 0x00000000568f8000 DEOPT PACKING pc=0x00000000028402ac sp=0x0000000057e6ea00
Event: 9.991 Thread 0x00000000568f8000 DEOPT UNPACKING pc=0x00000000024a787f sp=0x0000000057e6e780 mode 0
Event: 9.999 Thread 0x0000000056959800 DEOPT PACKING pc=0x00000000028acf71 sp=0x0000000057d6e810
Event: 9.999 Thread 0x0000000056959800 DEOPT UNPACKING pc=0x00000000024a787f sp=0x0000000057d6e640 mode 0
Event: 10.031 Thread 0x00000000569bc800 DEOPT PACKING pc=0x00000000028402ac sp=0x0000000056f9e7a0
Event: 10.031 Thread 0x00000000569bc800 DEOPT UNPACKING pc=0x00000000024a787f sp=0x0000000056f9e520 mode 0


Dynamic libraries:
0x000000013ff30000 - 0x000000013ff67000 	C:\Program Files\Java\jdk1.8.0_74\bin\java.exe
0x00000000778e0000 - 0x0000000077a8a000 	C:\Windows\SYSTEM32\ntdll.dll
0x00000000777c0000 - 0x00000000778df000 	C:\Windows\system32\kernel32.dll
0x000007fefd9b0000 - 0x000007fefda1a000 	C:\Windows\system32\KERNELBASE.dll
0x000007feff9f0000 - 0x000007feffacb000 	C:\Windows\system32\ADVAPI32.dll
0x000007fefe1d0000 - 0x000007fefe26f000 	C:\Windows\system32\msvcrt.dll
0x000007fefea00000 - 0x000007fefea1f000 	C:\Windows\SYSTEM32\sechost.dll
0x000007fefe000000 - 0x000007fefe12d000 	C:\Windows\system32\RPCRT4.dll
0x00000000776c0000 - 0x00000000777ba000 	C:\Windows\system32\USER32.dll
0x000007fefe270000 - 0x000007fefe2d7000 	C:\Windows\system32\GDI32.dll
0x000007fefdff0000 - 0x000007fefdffe000 	C:\Windows\system32\LPK.dll
0x000007feff920000 - 0x000007feff9ea000 	C:\Windows\system32\USP10.dll
0x000007fefc680000 - 0x000007fefc874000 	C:\Windows\WinSxS\amd64_microsoft.windows.common-controls_6595b64144ccf1df_6.0.7601.18837_none_fa3b1e3d17594757\COMCTL32.dll
0x000007fefe130000 - 0x000007fefe1a1000 	C:\Windows\system32\SHLWAPI.dll
0x000007feff8f0000 - 0x000007feff91e000 	C:\Windows\system32\IMM32.DLL
0x000007fefde90000 - 0x000007fefdf99000 	C:\Windows\system32\MSCTF.dll
0x0000000062960000 - 0x0000000062a32000 	C:\Program Files\Java\jdk1.8.0_74\jre\bin\msvcr100.dll
0x0000000067de0000 - 0x0000000068670000 	C:\Program Files\Java\jdk1.8.0_74\jre\bin\server\jvm.dll
0x000007fefaec0000 - 0x000007fefaec9000 	C:\Windows\system32\WSOCK32.dll
0x000007fefdfa0000 - 0x000007fefdfed000 	C:\Windows\system32\WS2_32.dll
0x000007fefe9f0000 - 0x000007fefe9f8000 	C:\Windows\system32\NSI.dll
0x000007fefb650000 - 0x000007fefb68b000 	C:\Windows\system32\WINMM.dll
0x000007fefc3e0000 - 0x000007fefc3ec000 	C:\Windows\system32\VERSION.dll
0x0000000077aa0000 - 0x0000000077aa7000 	C:\Windows\system32\PSAPI.DLL
0x0000000071f20000 - 0x0000000071f2f000 	C:\Program Files\Java\jdk1.8.0_74\jre\bin\verify.dll
0x0000000071ef0000 - 0x0000000071f19000 	C:\Program Files\Java\jdk1.8.0_74\jre\bin\java.dll
0x0000000071300000 - 0x0000000071316000 	C:\Program Files\Java\jdk1.8.0_74\jre\bin\zip.dll
0x000007fefea20000 - 0x000007feff7a9000 	C:\Windows\system32\SHELL32.dll
0x000007fefe2e0000 - 0x000007fefe4e3000 	C:\Windows\system32\ole32.dll
0x000007fefd660000 - 0x000007fefd66f000 	C:\Windows\system32\profapi.dll

VM Arguments:
jvm_args: -Djava.awt.headless=true -Xmx1024M -Dfile.encoding=windows-1252 -Duser.country=US -Duser.language=en -Duser.variant 
java_command: com.android.dx.command.Main --dex --force-jumbo --num-threads=4 --multi-dex --output C:\Anirudh\Learn\Udacity\AndroidBasics\HabitTracker\app\build\intermediates\transforms\dex\debug\folders\1000\10\com.android.support-support-v4-24.0.0_ca9339b50ffd6d6fa911e4aa5a01955baebcc37a C:\Anirudh\Learn\Udacity\AndroidBasics\HabitTracker\app\build\intermediates\exploded-aar\com.android.support\support-v4\24.0.0\jars\classes.jar
java_class_path (initial): C:\Users\anirudha.joshi\AppData\Local\Android\sdk\build-tools\23.0.3\lib\dx.jar
Launcher Type: SUN_STANDARD

Environment Variables:
PATH=C:\ProgramData\Oracle\Java\javapath;c:\Program Files (x86)\Intel\iCLS Client\;c:\Program Files\Intel\iCLS Client\;C:\Windows\SYSTEM32;C:\Windows;C:\Windows\SYSTEM32\WBEM;C:\Windows\SYSTEM32\WINDOWSPOWERSHELL\V1.0\;C:\PROGRAM FILES (X86)\ATI TECHNOLOGIES\ATI.ACE\CORE-STATIC;C:\PROGRAM FILES (X86)\COMMON FILES\ROXIO SHARED\OEM\DLLSHARED\;C:\PROGRAM FILES (X86)\COMMON FILES\ROXIO SHARED\OEM\DLLSHARED\;C:\PROGRAM FILES (X86)\COMMON FILES\ROXIO SHARED\OEM\12.0\DLLSHARED\;C:\PROGRAM FILES (X86)\ROXIO\OEM\AUDIOCORE\;C:\PROGRAM FILES (X86)\INTEL\SERVICES\IPT\;c:\Program Files\WIDCOMM\Bluetooth Software\;c:\Program Files\WIDCOMM\Bluetooth Software\syswow64;C:\Program Files\Intel\Intel(R) Management Engine Components\DAL;C:\Program Files\Intel\Intel(R) Management Engine Components\IPT;C:\Program Files (x86)\Intel\Intel(R) Management Engine Components\DAL;C:\Program Files (x86)\Intel\Intel(R) Management Engine Components\IPT;C:\Program Files (x86)\Microsoft SQL Server\100\Tools\Binn\;C:\Program Files\Microsoft SQL Server\100\Tools\Binn\;C:\Program Files\Microsoft SQL Server\100\DTS\Binn\;C:\Program Files (x86)\Microsoft SQL Server\100\Tools\Binn\VSShell\Common7\IDE\;C:\Program Files (x86)\Microsoft Visual Studio 9.0\Common7\IDE\PrivateAssemblies\;C:\Program Files (x86)\Microsoft SQL Server\100\DTS\Binn\;c:\Program Files\Microsoft SQL Server\110\Tools\Binn\;c:\Program Files (x86)\Microsoft SQL Server\110\Tools\Binn\;c:\Program Files\Microsoft SQL Server\110\DTS\Binn\;c:\Program Files (x86)\Microsoft SQL Server\110\Tools\Binn\ManagementStudio\;c:\Program Files (x86)\Microsoft SQL Server\110\DTS\Binn\;C:\opscode\chef\bin\;C:\Program Files\Microsoft SQL Server\130\Tools\Binn\;C:\Anirudh\Learn\Udacity\Python\Scripts\;C:\Anirudh\Learn\Udacity\Python\;C:\Chocolatey\bin;C:\Users\anirudha.joshi\AppData\Roaming\scriptcs;c:\Inveshare\projects\xsd;
USERNAME=anirudha.joshi
OS=Windows_NT
PROCESSOR_IDENTIFIER=Intel64 Family 6 Model 69 Stepping 1, GenuineIntel



---------------  S Y S T E M  ---------------

OS: Windows 7 , 64 bit Build 7601 (6.1.7601.23418)

CPU:total 4 (2 cores per cpu, 2 threads per core) family 6 model 69 stepping 1, cmov, cx8, fxsr, mmx, sse, sse2, sse3, ssse3, sse4.1, sse4.2, popcnt, avx, avx2, aes, clmul, erms, lzcnt, ht, tsc, tscinvbit, bmi1, bmi2

Memory: 4k page, physical 8283248k(325728k free), swap 12475692k(5096k free)

vm_info: Java HotSpot(TM) 64-Bit Server VM (25.74-b02) for windows-amd64 JRE (1.8.0_74-b02), built on Jan 29 2016 17:42:36 by "java_re" with MS VC++ 10.0 (VS2010)

time: Tue Jul 12 16:00:05 2016
elapsed time: 10 seconds (0d 0h 0m 10s)

