#
# There is insufficient memory for the Java Runtime Environment to continue.
# Native memory allocation (malloc) failed to allocate 291216 bytes for Chunk::new
# Possible reasons:
#   The system is out of physical RAM or swap space
#   In 32 bit mode, the process size limit was hit
# Possible solutions:
#   Reduce memory load on the system
#   Increase physical memory or swap space
#   Check if swap backing store is full
#   Use 64 bit Java on a 64 bit OS
#   Decrease Java heap size (-Xmx/-Xms)
#   Decrease number of Java threads
#   Decrease Java thread stack sizes (-Xss)
#   Set larger code cache with -XX:ReservedCodeCacheSize=
# This output file may be truncated or incomplete.
#
#  Out of Memory Error (allocation.cpp:390), pid=17516, tid=11532
#
# JRE version: Java(TM) SE Runtime Environment (8.0_74-b02) (build 1.8.0_74-b02)
# Java VM: Java HotSpot(TM) 64-Bit Server VM (25.74-b02 mixed mode windows-amd64 compressed oops)
# Failed to write core dump. Minidumps are not enabled by default on client versions of Windows
#

---------------  T H R E A D  ---------------

Current thread (0x0000000054f16000):  JavaThread "C2 CompilerThread1" daemon [_thread_in_native, id=11532, stack(0x0000000056870000,0x0000000056970000)]

Stack: [0x0000000056870000,0x0000000056970000]
[error occurred during error reporting (printing stack bounds), id 0xc0000005]

Native frames: (J=compiled Java code, j=interpreted, Vv=VM code, C=native code)


Current CompileTask:
C2:  18761 2468   !   4       com.android.dx.cf.code.BytecodeArray::parseInstruction (2764 bytes)


---------------  P R O C E S S  ---------------

Java Threads: ( => current thread )
  0x0000000056c02800 JavaThread "pool-2-thread-4" [_thread_blocked, id=5504, stack(0x00000000575a0000,0x00000000576a0000)]
  0x0000000056bff000 JavaThread "pool-2-thread-3" [_thread_blocked, id=13748, stack(0x0000000057460000,0x0000000057560000)]
  0x0000000056be8800 JavaThread "pool-2-thread-2" [_thread_blocked, id=10964, stack(0x0000000056da0000,0x0000000056ea0000)]
  0x0000000056be7800 JavaThread "pool-3-thread-1" [_thread_blocked, id=17368, stack(0x0000000057360000,0x0000000057460000)]
  0x0000000056be6000 JavaThread "pool-2-thread-1" [_thread_blocked, id=3812, stack(0x00000000565d0000,0x00000000566d0000)]
  0x00000000569fd800 JavaThread "Service Thread" daemon [_thread_blocked, id=16824, stack(0x0000000057010000,0x0000000057110000)]
  0x0000000056978800 JavaThread "C1 CompilerThread2" daemon [_thread_blocked, id=10788, stack(0x0000000056eb0000,0x0000000056fb0000)]
=>0x0000000054f16000 JavaThread "C2 CompilerThread1" daemon [_thread_in_native, id=11532, stack(0x0000000056870000,0x0000000056970000)]
  0x0000000054f12000 JavaThread "C2 CompilerThread0" daemon [_thread_in_native, id=16896, stack(0x00000000566f0000,0x00000000567f0000)]
  0x0000000054f1f800 JavaThread "Attach Listener" daemon [_thread_blocked, id=16976, stack(0x00000000564d0000,0x00000000565d0000)]
  0x0000000054f1e000 JavaThread "Signal Dispatcher" daemon [_thread_blocked, id=6244, stack(0x00000000562d0000,0x00000000563d0000)]
  0x0000000054efb000 JavaThread "Finalizer" daemon [_thread_blocked, id=16040, stack(0x0000000056120000,0x0000000056220000)]
  0x0000000054eb3800 JavaThread "Reference Handler" daemon [_thread_blocked, id=18120, stack(0x0000000056010000,0x0000000056110000)]
  0x0000000001f3e800 JavaThread "main" [_thread_blocked, id=17016, stack(0x0000000002240000,0x0000000002340000)]

Other Threads:
  0x0000000054eac000 VMThread [stack: 0x0000000055e00000,0x0000000055f00000] [id=14688]
  0x0000000056a05800 WatcherThread [stack: 0x0000000057210000,0x0000000057310000] [id=16224]

VM state:not at safepoint (normal execution)

VM Mutex/Monitor currently owned by a thread: None

Heap:
 PSYoungGen      total 71680K, used 48980K [0x00000000eab00000, 0x00000000f5800000, 0x0000000100000000)
  eden space 66560K, 65% used [0x00000000eab00000,0x00000000ed5d6aa0,0x00000000eec00000)
  from space 5120K, 99% used [0x00000000eec00000,0x00000000ef0fe940,0x00000000ef100000)
  to   space 22016K, 0% used [0x00000000f4280000,0x00000000f4280000,0x00000000f5800000)
 ParOldGen       total 87552K, used 34297K [0x00000000c0000000, 0x00000000c5580000, 0x00000000eab00000)
  object space 87552K, 39% used [0x00000000c0000000,0x00000000c217e730,0x00000000c5580000)
 Metaspace       used 6511K, capacity 7256K, committed 7424K, reserved 1056768K
  class space    used 625K, capacity 656K, committed 768K, reserved 1048576K

Card table byte_map: [0x00000000119d0000,0x0000000011be0000] byte_map_base: 0x00000000113d0000

Marking Bits: (ParMarkBitMap*) 0x00000000685f0600
 Begin Bits: [0x0000000012320000, 0x0000000013320000)
 End Bits:   [0x0000000013320000, 0x0000000014320000)

Polling page: 0x00000000001a0000

CodeCache: size=245760Kb used=10885Kb max_used=10904Kb free=234875Kb
 bounds [0x0000000002610000, 0x00000000030d0000, 0x0000000011610000]
 total_blobs=2520 nmethods=2250 adapters=182
 compilation: enabled

Compilation events (10 events):
Event: 18.493 Thread 0x0000000056978800 2472       3       com.android.dx.ssa.Dominators::run (506 bytes)
Event: 18.499 Thread 0x0000000056978800 nmethod 2472 0x000000000309a450 code [0x000000000309aa20, 0x000000000309e9d8]
Event: 18.499 Thread 0x0000000054f16000 nmethod 2460 0x00000000030a20d0 code [0x00000000030a3300, 0x00000000030aa3c8]
Event: 18.500 Thread 0x0000000054f16000 2471   !   4       com.android.dx.rop.code.RegisterSpec::intern (70 bytes)
Event: 18.533 Thread 0x0000000056978800 2474       3       com.android.dx.cf.code.LocalVariableList::mergeDescriptorsAndSignatures (80 bytes)
Event: 18.535 Thread 0x0000000056978800 nmethod 2474 0x0000000003089a10 code [0x0000000003089ca0, 0x000000000308aeb8]
Event: 18.535 Thread 0x0000000056978800 2475       3       com.android.dx.ssa.MoveParamCombiner$1::visitNonMoveInsn (213 bytes)
Event: 18.537 Thread 0x0000000056978800 nmethod 2475 0x00000000030b61d0 code [0x00000000030b64a0, 0x00000000030b80b8]
Event: 18.581 Thread 0x0000000054f16000 nmethod 2471 0x00000000030bc750 code [0x00000000030bca00, 0x00000000030beb40]
Event: 18.581 Thread 0x0000000054f16000 2468   !   4       com.android.dx.cf.code.BytecodeArray::parseInstruction (2764 bytes)

GC Heap History (10 events):
Event: 2.290 GC heap before
{Heap before GC invocations=1 (full 0):
 PSYoungGen      total 38400K, used 33280K [0x00000000eab00000, 0x00000000ed580000, 0x0000000100000000)
  eden space 33280K, 100% used [0x00000000eab00000,0x00000000ecb80000,0x00000000ecb80000)
  from space 5120K, 0% used [0x00000000ed080000,0x00000000ed080000,0x00000000ed580000)
  to   space 5120K, 0% used [0x00000000ecb80000,0x00000000ecb80000,0x00000000ed080000)
 ParOldGen       total 87552K, used 0K [0x00000000c0000000, 0x00000000c5580000, 0x00000000eab00000)
  object space 87552K, 0% used [0x00000000c0000000,0x00000000c0000000,0x00000000c5580000)
 Metaspace       used 5942K, capacity 6832K, committed 7040K, reserved 1056768K
  class space    used 602K, capacity 616K, committed 640K, reserved 1048576K
Event: 2.381 GC heap after
Heap after GC invocations=1 (full 0):
 PSYoungGen      total 38400K, used 5064K [0x00000000eab00000, 0x00000000ef600000, 0x0000000100000000)
  eden space 33280K, 0% used [0x00000000eab00000,0x00000000eab00000,0x00000000ecb80000)
  from space 5120K, 98% used [0x00000000ecb80000,0x00000000ed072018,0x00000000ed080000)
  to   space 5120K, 0% used [0x00000000ef100000,0x00000000ef100000,0x00000000ef600000)
 ParOldGen       total 87552K, used 0K [0x00000000c0000000, 0x00000000c5580000, 0x00000000eab00000)
  object space 87552K, 0% used [0x00000000c0000000,0x00000000c0000000,0x00000000c5580000)
 Metaspace       used 5942K, capacity 6832K, committed 7040K, reserved 1056768K
  class space    used 602K, capacity 616K, committed 640K, reserved 1048576K
}
Event: 3.311 GC heap before
{Heap before GC invocations=2 (full 0):
 PSYoungGen      total 38400K, used 38344K [0x00000000eab00000, 0x00000000ef600000, 0x0000000100000000)
  eden space 33280K, 100% used [0x00000000eab00000,0x00000000ecb80000,0x00000000ecb80000)
  from space 5120K, 98% used [0x00000000ecb80000,0x00000000ed072018,0x00000000ed080000)
  to   space 5120K, 0% used [0x00000000ef100000,0x00000000ef100000,0x00000000ef600000)
 ParOldGen       total 87552K, used 0K [0x00000000c0000000, 0x00000000c5580000, 0x00000000eab00000)
  object space 87552K, 0% used [0x00000000c0000000,0x00000000c0000000,0x00000000c5580000)
 Metaspace       used 6154K, capacity 7026K, committed 7296K, reserved 1056768K
  class space    used 604K, capacity 618K, committed 640K, reserved 1048576K
Event: 3.532 GC heap after
Heap after GC invocations=2 (full 0):
 PSYoungGen      total 71680K, used 5096K [0x00000000eab00000, 0x00000000ef600000, 0x0000000100000000)
  eden space 66560K, 0% used [0x00000000eab00000,0x00000000eab00000,0x00000000eec00000)
  from space 5120K, 99% used [0x00000000ef100000,0x00000000ef5fa298,0x00000000ef600000)
  to   space 5120K, 0% used [0x00000000eec00000,0x00000000eec00000,0x00000000ef100000)
 ParOldGen       total 87552K, used 3156K [0x00000000c0000000, 0x00000000c5580000, 0x00000000eab00000)
  object space 87552K, 3% used [0x00000000c0000000,0x00000000c0315278,0x00000000c5580000)
 Metaspace       used 6154K, capacity 7026K, committed 7296K, reserved 1056768K
  class space    used 604K, capacity 618K, committed 640K, reserved 1048576K
}
Event: 4.152 GC heap before
{Heap before GC invocations=3 (full 0):
 PSYoungGen      total 71680K, used 71656K [0x00000000eab00000, 0x00000000ef600000, 0x0000000100000000)
  eden space 66560K, 100% used [0x00000000eab00000,0x00000000eec00000,0x00000000eec00000)
  from space 5120K, 99% used [0x00000000ef100000,0x00000000ef5fa298,0x00000000ef600000)
  to   space 5120K, 0% used [0x00000000eec00000,0x00000000eec00000,0x00000000ef100000)
 ParOldGen       total 87552K, used 3156K [0x00000000c0000000, 0x00000000c5580000, 0x00000000eab00000)
  object space 87552K, 3% used [0x00000000c0000000,0x00000000c0315278,0x00000000c5580000)
 Metaspace       used 6260K, capacity 7154K, committed 7296K, reserved 1056768K
  class space    used 605K, capacity 618K, committed 640K, reserved 1048576K
Event: 4.287 GC heap after
Heap after GC invocations=3 (full 0):
 PSYoungGen      total 71680K, used 5106K [0x00000000eab00000, 0x00000000ef600000, 0x0000000100000000)
  eden space 66560K, 0% used [0x00000000eab00000,0x00000000eab00000,0x00000000eec00000)
  from space 5120K, 99% used [0x00000000eec00000,0x00000000ef0fc8d8,0x00000000ef100000)
  to   space 5120K, 0% used [0x00000000ef100000,0x00000000ef100000,0x00000000ef600000)
 ParOldGen       total 87552K, used 12767K [0x00000000c0000000, 0x00000000c5580000, 0x00000000eab00000)
  object space 87552K, 14% used [0x00000000c0000000,0x00000000c0c77e90,0x00000000c5580000)
 Metaspace       used 6260K, capacity 7154K, committed 7296K, reserved 1056768K
  class space    used 605K, capacity 618K, committed 640K, reserved 1048576K
}
Event: 10.862 GC heap before
{Heap before GC invocations=4 (full 0):
 PSYoungGen      total 71680K, used 71666K [0x00000000eab00000, 0x00000000ef600000, 0x0000000100000000)
  eden space 66560K, 100% used [0x00000000eab00000,0x00000000eec00000,0x00000000eec00000)
  from space 5120K, 99% used [0x00000000eec00000,0x00000000ef0fc8d8,0x00000000ef100000)
  to   space 5120K, 0% used [0x00000000ef100000,0x00000000ef100000,0x00000000ef600000)
 ParOldGen       total 87552K, used 12767K [0x00000000c0000000, 0x00000000c5580000, 0x00000000eab00000)
  object space 87552K, 14% used [0x00000000c0000000,0x00000000c0c77e90,0x00000000c5580000)
 Metaspace       used 6335K, capacity 7154K, committed 7296K, reserved 1056768K
  class space    used 605K, capacity 618K, committed 640K, reserved 1048576K
Event: 10.928 GC heap after
Heap after GC invocations=4 (full 0):
 PSYoungGen      total 71680K, used 5096K [0x00000000eab00000, 0x00000000f3700000, 0x0000000100000000)
  eden space 66560K, 0% used [0x00000000eab00000,0x00000000eab00000,0x00000000eec00000)
  from space 5120K, 99% used [0x00000000ef100000,0x00000000ef5fa2a8,0x00000000ef600000)
  to   space 5120K, 0% used [0x00000000eec00000,0x00000000eec00000,0x00000000ef100000)
 ParOldGen       total 87552K, used 22692K [0x00000000c0000000, 0x00000000c5580000, 0x00000000eab00000)
  object space 87552K, 25% used [0x00000000c0000000,0x00000000c1629328,0x00000000c5580000)
 Metaspace       used 6335K, capacity 7154K, committed 7296K, reserved 1056768K
  class space    used 605K, capacity 618K, committed 640K, reserved 1048576K
}
Event: 15.177 GC heap before
{Heap before GC invocations=5 (full 0):
 PSYoungGen      total 71680K, used 71656K [0x00000000eab00000, 0x00000000f3700000, 0x0000000100000000)
  eden space 66560K, 100% used [0x00000000eab00000,0x00000000eec00000,0x00000000eec00000)
  from space 5120K, 99% used [0x00000000ef100000,0x00000000ef5fa2a8,0x00000000ef600000)
  to   space 5120K, 0% used [0x00000000eec00000,0x00000000eec00000,0x00000000ef100000)
 ParOldGen       total 87552K, used 22692K [0x00000000c0000000, 0x00000000c5580000, 0x00000000eab00000)
  object space 87552K, 25% used [0x00000000c0000000,0x00000000c1629328,0x00000000c5580000)
 Metaspace       used 6389K, capacity 7218K, committed 7296K, reserved 1056768K
  class space    used 606K, capacity 618K, committed 640K, reserved 1048576K
Event: 15.416 GC heap after
Heap after GC invocations=5 (full 0):
 PSYoungGen      total 71680K, used 5114K [0x00000000eab00000, 0x00000000f5800000, 0x0000000100000000)
  eden space 66560K, 0% used [0x00000000eab00000,0x00000000eab00000,0x00000000eec00000)
  from space 5120K, 99% used [0x00000000eec00000,0x00000000ef0fe940,0x00000000ef100000)
  to   space 22016K, 0% used [0x00000000f4280000,0x00000000f4280000,0x00000000f5800000)
 ParOldGen       total 87552K, used 34297K [0x00000000c0000000, 0x00000000c5580000, 0x00000000eab00000)
  object space 87552K, 39% used [0x00000000c0000000,0x00000000c217e730,0x00000000c5580000)
 Metaspace       used 6389K, capacity 7218K, committed 7296K, reserved 1056768K
  class space    used 606K, capacity 618K, committed 640K, reserved 1048576K
}

Deoptimization events (10 events):
Event: 10.572 Thread 0x0000000056be6000 Uncommon trap: reason=uninitialized action=reinterpret pc=0x0000000002cbbd10 method=com.android.dx.cf.code.BytecodeArray.parseInstruction(ILcom/android/dx/cf/code/BytecodeArray$Visitor;)I @ 1079
Event: 14.268 Thread 0x0000000056be6000 Uncommon trap: reason=unstable_if action=reinterpret pc=0x0000000002c97874 method=com.android.dx.rop.code.LocalItem.compareHandlesNulls(Lcom/android/dx/rop/cst/CstString;Lcom/android/dx/rop/cst/CstString;)I @ 14
Event: 15.453 Thread 0x0000000056bff000 Uncommon trap: reason=unstable_if action=reinterpret pc=0x0000000002c86c28 method=com.android.dx.rop.code.RegisterSpec.equals(ILcom/android/dx/rop/type/TypeBearer;Lcom/android/dx/rop/code/LocalItem;)Z @ 42
Event: 16.449 Thread 0x0000000056bff000 Uncommon trap: reason=unstable_if action=reinterpret pc=0x000000000294723c method=java.util.HashMap.putVal(ILjava/lang/Object;Ljava/lang/Object;ZZ)Ljava/lang/Object; @ 162
Event: 16.453 Thread 0x0000000056bff000 Uncommon trap: reason=unstable_if action=reinterpret pc=0x0000000002cb3e74 method=java.util.HashMap.getNode(ILjava/lang/Object;)Ljava/util/HashMap$Node; @ 84
Event: 17.848 Thread 0x0000000056c02800 Uncommon trap: reason=bimorphic action=maybe_recompile pc=0x0000000002efb2c8 method=com.android.dx.cf.code.BytecodeArray.parseInstruction(ILcom/android/dx/cf/code/BytecodeArray$Visitor;)I @ 1161
Event: 17.848 Thread 0x0000000056c02800 Uncommon trap: reason=bimorphic action=maybe_recompile pc=0x0000000002efb2c8 method=com.android.dx.cf.code.BytecodeArray.parseInstruction(ILcom/android/dx/cf/code/BytecodeArray$Visitor;)I @ 1161
Event: 18.077 Thread 0x0000000056be6000 Uncommon trap: reason=unstable_if action=reinterpret pc=0x000000000306363c method=java.util.HashMap.putVal(ILjava/lang/Object;Ljava/lang/Object;ZZ)Ljava/lang/Object; @ 109
Event: 18.488 Thread 0x0000000056c02800 Uncommon trap: reason=unstable_if action=reinterpret pc=0x0000000002ee4a34 method=com.android.dx.ssa.Dominators.run()V @ 346
Event: 18.534 Thread 0x0000000056c02800 Uncommon trap: reason=unstable_if action=reinterpret pc=0x0000000002ca6b04 method=com.android.dx.ssa.MoveParamCombiner$1.visitNonMoveInsn(Lcom/android/dx/ssa/NormalSsaInsn;)V @ 27

Internal exceptions (8 events):
Event: 0.068 Thread 0x0000000001f3e800 Exception <a 'java/lang/NoSuchMethodError': Method sun.misc.Unsafe.defineClass(Ljava/lang/String;[BII)Ljava/lang/Class; name or signature does not match> (0x00000000eab07cc0) thrown at [C:\re\workspace\8-2-build-windows-amd64-cygwin\jdk8u74\6087\hotspot\sréb©9~±?
Event: 0.068 Thread 0x0000000001f3e800 Exception <a 'java/lang/NoSuchMethodError': Method sun.misc.Unsafe.prefetchRead(Ljava/lang/Object;J)V name or signature does not match> (0x00000000eab07fa8) thrown at [C:\re\workspace\8-2-build-windows-amd64-cygwin\jdk8u74\6087\hotspot\src\share\vm\prims\jèA
àƒ@
Event: 2.564 Thread 0x0000000056be8800 Implicit null exception at 0x0000000002a2a092 to 0x0000000002a2a199
Event: 2.796 Thread 0x0000000056bff000 Implicit null exception at 0x000000000292e01f to 0x000000000292f891
Event: 14.268 Thread 0x0000000056be6000 Implicit null exception at 0x0000000002c96422 to 0x0000000002c97845
Event: 16.451 Thread 0x0000000056bff000 Exception <a 'java/lang/ArrayIndexOutOfBoundsException': 18> (0x00000000ebaba8b0) thrown at [C:\re\workspace\8-2-build-windows-amd64-cygwin\jdk8u74\6087\hotspot\src\share\vm\interpreter\interpreterRuntime.cpp, line 366]
Event: 16.451 Thread 0x0000000056bff000 Exception <a 'java/lang/ArrayIndexOutOfBoundsException': 145> (0x00000000ebabc430) thrown at [C:\re\workspace\8-2-build-windows-amd64-cygwin\jdk8u74\6087\hotspot\src\share\vm\interpreter\interpreterRuntime.cpp, line 366]
Event: 16.452 Thread 0x0000000056bff000 Exception <a 'java/lang/ArrayIndexOutOfBoundsException'> (0x00000000ebabd718) thrown at [C:\re\workspace\8-2-build-windows-amd64-cygwin\jdk8u74\6087\hotspot\src\share\vm\runtime\sharedRuntime.cpp, line 605]

Events (10 events):
Event: 18.077 Thread 0x0000000056be6000 DEOPT PACKING pc=0x000000000306363c sp=0x00000000566cea30
Event: 18.077 Thread 0x0000000056be6000 DEOPT UNPACKING pc=0x000000000265582a sp=0x00000000566ce8d8 mode 2
Event: 18.488 Thread 0x0000000056c02800 Uncommon trap: trap_request=0xffffff65 fr.pc=0x0000000002ee4a34
Event: 18.488 Thread 0x0000000056c02800 DEOPT PACKING pc=0x0000000002ee4a34 sp=0x000000005769e9b0
Event: 18.488 Thread 0x0000000056c02800 DEOPT UNPACKING pc=0x000000000265582a sp=0x000000005769e960 mode 2
Event: 18.530 Thread 0x0000000056c02800 DEOPT PACKING pc=0x0000000002a86ffc sp=0x000000005769ea60
Event: 18.530 Thread 0x0000000056c02800 DEOPT UNPACKING pc=0x000000000265787f sp=0x000000005769e820 mode 0
Event: 18.534 Thread 0x0000000056c02800 Uncommon trap: trap_request=0xffffff65 fr.pc=0x0000000002ca6b04
Event: 18.534 Thread 0x0000000056c02800 DEOPT PACKING pc=0x0000000002ca6b04 sp=0x000000005769e950
Event: 18.534 Thread 0x0000000056c02800 DEOPT UNPACKING pc=0x000000000265582a sp=0x000000005769e8a8 mode 2


Dynamic libraries:
0x000000013ff30000 - 0x000000013ff67000 	C:\Program Files\Java\jdk1.8.0_74\bin\java.exe
0x00000000778e0000 - 0x0000000077a8a000 	C:\Windows\SYSTEM32\ntdll.dll
0x00000000777c0000 - 0x00000000778df000 	C:\Windows\system32\kernel32.dll
0x000007fefd9b0000 - 0x000007fefda1a000 	C:\Windows\system32\KERNELBASE.dll
0x000007feff9f0000 - 0x000007feffacb000 	C:\Windows\system32\ADVAPI32.dll
0x000007fefe1d0000 - 0x000007fefe26f000 	C:\Windows\system32\msvcrt.dll
0x000007fefea00000 - 0x000007fefea1f000 	C:\Windows\SYSTEM32\sechost.dll
0x000007fefe000000 - 0x000007fefe12d000 	C:\Windows\system32\RPCRT4.dll
0x00000000776c0000 - 0x00000000777ba000 	C:\Windows\system32\USER32.dll
0x000007fefe270000 - 0x000007fefe2d7000 	C:\Windows\system32\GDI32.dll
0x000007fefdff0000 - 0x000007fefdffe000 	C:\Windows\system32\LPK.dll
0x000007feff920000 - 0x000007feff9ea000 	C:\Windows\system32\USP10.dll
0x000007fefc680000 - 0x000007fefc874000 	C:\Windows\WinSxS\amd64_microsoft.windows.common-controls_6595b64144ccf1df_6.0.7601.18837_none_fa3b1e3d17594757\COMCTL32.dll
0x000007fefe130000 - 0x000007fefe1a1000 	C:\Windows\system32\SHLWAPI.dll
0x000007feff8f0000 - 0x000007feff91e000 	C:\Windows\system32\IMM32.DLL
0x000007fefde90000 - 0x000007fefdf99000 	C:\Windows\system32\MSCTF.dll
0x0000000062960000 - 0x0000000062a32000 	C:\Program Files\Java\jdk1.8.0_74\jre\bin\msvcr100.dll
0x0000000067de0000 - 0x0000000068670000 	C:\Program Files\Java\jdk1.8.0_74\jre\bin\server\jvm.dll
0x000007fefaec0000 - 0x000007fefaec9000 	C:\Windows\system32\WSOCK32.dll
0x000007fefdfa0000 - 0x000007fefdfed000 	C:\Windows\system32\WS2_32.dll
0x000007fefe9f0000 - 0x000007fefe9f8000 	C:\Windows\system32\NSI.dll
0x000007fefb650000 - 0x000007fefb68b000 	C:\Windows\system32\WINMM.dll
0x000007fefc3e0000 - 0x000007fefc3ec000 	C:\Windows\system32\VERSION.dll
0x0000000077aa0000 - 0x0000000077aa7000 	C:\Windows\system32\PSAPI.DLL
0x0000000071f20000 - 0x0000000071f2f000 	C:\Program Files\Java\jdk1.8.0_74\jre\bin\verify.dll
0x0000000071ef0000 - 0x0000000071f19000 	C:\Program Files\Java\jdk1.8.0_74\jre\bin\java.dll
0x0000000071300000 - 0x0000000071316000 	C:\Program Files\Java\jdk1.8.0_74\jre\bin\zip.dll
0x000007fefea20000 - 0x000007feff7a9000 	C:\Windows\system32\SHELL32.dll
0x000007fefe2e0000 - 0x000007fefe4e3000 	C:\Windows\system32\ole32.dll
0x000007fefd660000 - 0x000007fefd66f000 	C:\Windows\system32\profapi.dll

VM Arguments:
jvm_args: -Djava.awt.headless=true -Xmx1024M -Dfile.encoding=windows-1252 -Duser.country=US -Duser.language=en -Duser.variant 
java_command: com.android.dx.command.Main --dex --force-jumbo --num-threads=4 --multi-dex --output C:\Anirudh\Learn\Udacity\AndroidBasics\HabitTracker\app\build\intermediates\transforms\dex\debug\folders\1000\10\com.android.support-support-v4-24.0.0_ca9339b50ffd6d6fa911e4aa5a01955baebcc37a C:\Anirudh\Learn\Udacity\AndroidBasics\HabitTracker\app\build\intermediates\exploded-aar\com.android.support\support-v4\24.0.0\jars\classes.jar
java_class_path (initial): C:\Users\anirudha.joshi\AppData\Local\Android\sdk\build-tools\23.0.3\lib\dx.jar
Launcher Type: SUN_STANDARD

Environment Variables:
PATH=C:\ProgramData\Oracle\Java\javapath;c:\Program Files (x86)\Intel\iCLS Client\;c:\Program Files\Intel\iCLS Client\;C:\Windows\SYSTEM32;C:\Windows;C:\Windows\SYSTEM32\WBEM;C:\Windows\SYSTEM32\WINDOWSPOWERSHELL\V1.0\;C:\PROGRAM FILES (X86)\ATI TECHNOLOGIES\ATI.ACE\CORE-STATIC;C:\PROGRAM FILES (X86)\COMMON FILES\ROXIO SHARED\OEM\DLLSHARED\;C:\PROGRAM FILES (X86)\COMMON FILES\ROXIO SHARED\OEM\DLLSHARED\;C:\PROGRAM FILES (X86)\COMMON FILES\ROXIO SHARED\OEM\12.0\DLLSHARED\;C:\PROGRAM FILES (X86)\ROXIO\OEM\AUDIOCORE\;C:\PROGRAM FILES (X86)\INTEL\SERVICES\IPT\;c:\Program Files\WIDCOMM\Bluetooth Software\;c:\Program Files\WIDCOMM\Bluetooth Software\syswow64;C:\Program Files\Intel\Intel(R) Management Engine Components\DAL;C:\Program Files\Intel\Intel(R) Management Engine Components\IPT;C:\Program Files (x86)\Intel\Intel(R) Management Engine Components\DAL;C:\Program Files (x86)\Intel\Intel(R) Management Engine Components\IPT;C:\Program Files (x86)\Microsoft SQL Server\100\Tools\Binn\;C:\Program Files\Microsoft SQL Server\100\Tools\Binn\;C:\Program Files\Microsoft SQL Server\100\DTS\Binn\;C:\Program Files (x86)\Microsoft SQL Server\100\Tools\Binn\VSShell\Common7\IDE\;C:\Program Files (x86)\Microsoft Visual Studio 9.0\Common7\IDE\PrivateAssemblies\;C:\Program Files (x86)\Microsoft SQL Server\100\DTS\Binn\;c:\Program Files\Microsoft SQL Server\110\Tools\Binn\;c:\Program Files (x86)\Microsoft SQL Server\110\Tools\Binn\;c:\Program Files\Microsoft SQL Server\110\DTS\Binn\;c:\Program Files (x86)\Microsoft SQL Server\110\Tools\Binn\ManagementStudio\;c:\Program Files (x86)\Microsoft SQL Server\110\DTS\Binn\;C:\opscode\chef\bin\;C:\Program Files\Microsoft SQL Server\130\Tools\Binn\;C:\Anirudh\Learn\Udacity\Python\Scripts\;C:\Anirudh\Learn\Udacity\Python\;C:\Chocolatey\bin;C:\Users\anirudha.joshi\AppData\Roaming\scriptcs;c:\Inveshare\projects\xsd;
USERNAME=anirudha.joshi
OS=Windows_NT
PROCESSOR_IDENTIFIER=Intel64 Family 6 Model 69 Stepping 1, GenuineIntel



---------------  S Y S T E M  ---------------

OS: Windows 7 , 64 bit Build 7601 (6.1.7601.23418)

CPU:total 4 (2 cores per cpu, 2 threads per core) family 6 model 69 stepping 1, cmov, cx8, fxsr, mmx, sse, sse2, sse3, ssse3, sse4.1, sse4.2, popcnt, avx, avx2, aes, clmul, erms, lzcnt, ht, tsc, tscinvbit, bmi1, bmi2

Memory: 4k page, physical 8283248k(347188k free), swap 12475692k(5604k free)

vm_info: Java HotSpot(TM) 64-Bit Server VM (25.74-b02) for windows-amd64 JRE (1.8.0_74-b02), built on Jan 29 2016 17:42:36 by "java_re" with MS VC++ 10.0 (VS2010)

time: Tue Jul 12 16:02:17 2016
elapsed time: 18 seconds (0d 0h 0m 18s)

